<?xml version="1.0" encoding="utf-8" standalone="no"?>
<!--This file represents the results of running a test suite-->
<test-results name="D:\Projects\NHibernate\NHibernate.ProxyGenerators\src\NHibernate.ProxyGenerators.Console.Test\bin\Release\NHibernate.ProxyGenerators.Console.Test.dll" total="3" errors="0" failures="0" not-run="0" inconclusive="0" ignored="0" skipped="0" invalid="0" date="2015-01-07" time="20:34:01">
  <environment nunit-version="2.6.4.14350" clr-version="2.0.50727.5485" os-version="Microsoft Windows NT 6.1.7601 Service Pack 1" platform="Win32NT" cwd="D:\Projects\NHibernate\NHibernate.ProxyGenerators" machine-name="HAZZIK-NOTEBOOK" user="hazzik" user-domain="hazzik-notebook" />
  <culture-info current-culture="ru-RU" current-uiculture="ru-RU" />
  <test-suite type="Assembly" name="D:\Projects\NHibernate\NHibernate.ProxyGenerators\src\NHibernate.ProxyGenerators.Console.Test\bin\Release\NHibernate.ProxyGenerators.Console.Test.dll" executed="True" result="Success" success="True" time="0.332" asserts="0">
    <results>
      <test-suite type="Namespace" name="NHibernate" executed="True" result="Success" success="True" time="0.321" asserts="0">
        <results>
          <test-suite type="Namespace" name="ProxyGenerators" executed="True" result="Success" success="True" time="0.321" asserts="0">
            <results>
              <test-suite type="Namespace" name="Console" executed="True" result="Success" success="True" time="0.320" asserts="0">
                <results>
                  <test-suite type="Namespace" name="Test" executed="True" result="Success" success="True" time="0.320" asserts="0">
                    <results>
                      <test-suite type="TestFixture" name="ProgramTester" executed="True" result="Success" success="True" time="0.319" asserts="0">
                        <results>
                          <test-case name="NHibernate.ProxyGenerators.Console.Test.ProgramTester.Invalid_Arguments_Display_Usage" executed="True" result="Success" success="True" time="0.279" asserts="2" />
                          <test-case name="NHibernate.ProxyGenerators.Console.Test.ProgramTester.Invalid_Generator_Returns_Error" executed="True" result="Success" success="True" time="0.008" asserts="1" />
                          <test-case name="NHibernate.ProxyGenerators.Console.Test.ProgramTester.Valid_Options_Generates_Proxies" executed="True" result="Success" success="True" time="0.017" asserts="1" />
                        </results>
                      </test-suite>
                    </results>
                  </test-suite>
                </results>
              </test-suite>
            </results>
          </test-suite>
        </results>
      </test-suite>
    </results>
  </test-suite>
</test-results>